SF:lib\features\bitcoins_rates\data\models\bitcoin_rate_model.dart
DA:7,0
DA:8,0
DA:10,0
DA:11,0
DA:20,6
DA:28,2
DA:29,2
DA:30,2
DA:31,2
DA:32,2
DA:33,2
DA:34,4
DA:37,0
DA:38,0
DA:39,0
DA:40,0
DA:41,0
DA:42,0
DA:46,2
DA:47,2
DA:48,2
DA:49,2
DA:51,4
DA:52,4
LF:24
LH:14
end_of_record
SF:lib\core\constants\constants.dart
DA:4,1
LF:1
LH:1
end_of_record
SF:lib\core\errors\failure.dart
DA:6,3
DA:8,0
DA:9,0
DA:13,3
DA:17,2
LF:5
LH:3
end_of_record
SF:lib\features\bitcoins_rates\data\data_sources\remote_data_source.dart
DA:13,1
DA:15,1
DA:17,4
DA:18,2
DA:19,2
DA:21,1
LF:6
LH:6
end_of_record
SF:lib\features\bitcoins_rates\domain\usecases\get_current_price.dart
DA:8,1
DA:10,1
DA:11,2
LF:3
LH:3
end_of_record
SF:lib\features\bitcoins_rates\data\respositories\coin_rates_repository_impl.dart
DA:11,1
DA:13,1
DA:16,2
DA:17,1
DA:18,1
DA:21,1
LF:6
LH:6
end_of_record
SF:lib\features\bitcoins_rates\presentation\bloc\coin_rates_bloc\coin_rates_event.dart
DA:4,2
DA:6,0
DA:7,0
LF:3
LH:1
end_of_record
SF:lib\features\bitcoins_rates\presentation\bloc\coin_rates_bloc\coin_rates_bloc.dart
DA:11,3
DA:12,2
DA:13,2
DA:14,2
DA:15,2
DA:16,3
DA:17,1
DA:18,2
LF:8
LH:8
end_of_record
SF:lib\features\bitcoins_rates\presentation\bloc\coin_rates_bloc\coin_rates_state.dart
DA:4,4
DA:6,1
DA:7,1
DA:16,2
DA:18,1
DA:19,2
DA:24,3
DA:26,1
DA:27,2
LF:9
LH:9
end_of_record
SF:lib\features\bitcoins_rates\presentation\pages\home_page.dart
DA:7,2
DA:9,1
DA:11,3
DA:12,3
DA:14,1
DA:15,1
DA:17,1
DA:18,0
DA:19,0
DA:22,1
DA:24,3
DA:28,1
DA:29,1
DA:32,1
DA:33,1
DA:34,1
DA:39,1
DA:40,1
DA:42,0
DA:45,2
DA:46,1
DA:47,2
DA:48,1
DA:51,1
DA:52,1
DA:53,2
DA:56,0
DA:63,1
DA:64,1
DA:67,1
DA:68,1
DA:70,1
DA:73,1
DA:74,1
DA:76,1
DA:77,1
DA:78,1
DA:79,3
DA:81,2
DA:87,2
DA:88,2
DA:89,2
DA:95,1
DA:97,1
DA:98,1
DA:99,1
DA:100,3
DA:101,1
DA:102,1
DA:103,1
DA:104,3
LF:51
LH:47
end_of_record
SF:lib\features\bitcoins_rates\presentation\pages\login_page.dart
DA:8,1
DA:10,1
DA:12,1
DA:13,1
DA:14,1
DA:15,1
DA:16,1
DA:18,1
DA:19,1
DA:23,1
DA:25,1
DA:26,1
DA:27,1
DA:28,1
DA:29,1
DA:38,1
DA:39,4
DA:40,1
DA:41,1
DA:43,0
DA:44,0
DA:57,0
DA:58,0
DA:59,0
DA:60,0
DA:61,0
DA:64,1
DA:68,1
DA:71,0
DA:72,0
DA:77,3
DA:78,1
DA:79,1
DA:81,1
DA:82,1
DA:84,1
DA:86,3
DA:88,1
DA:90,3
LF:39
LH:30
end_of_record
SF:lib\core\common\widgets\logos.dart
DA:3,1
DA:4,1
DA:7,1
LF:3
LH:3
end_of_record
SF:lib\core\services\shared_preference_storage.dart
DA:4,0
DA:6,0
DA:7,0
DA:9,0
DA:10,0
DA:11,0
LF:6
LH:0
end_of_record
